No version specified. Auto-incrementing patch version to: 1.5.2

Running release script from: /Users/adam/Developer/vcs/github.vexyart/vexy-json
[0;36m‚ÑπÔ∏è  Preparing release for version 1.5.2[0m
[0;35m=== VEXY JSON RELEASE AUTOMATION ===[0m
[0;36mVexy JSON v1.5.2 Release Automation Script[0m
[0;36m=========================================[0m

[0;34mRelease Plan:[0m
  1. Check prerequisites and validate environment
  2. Update version numbers across all files
  3. Run comprehensive test suite
  4. Build release artifacts (Rust, WASM, installers)
  5. Create release archives in dist/
  6. Commit changes and create git tag v1.5.2
  7. Push changes and tag to remote repository
  8. Create GitHub release (if gh CLI available)
  9. Publish to crates.io (interactive)
 10. Cleanup temporary files


[0;34m[2025-07-13 00:03:17][0m Checking prerequisites...
[1;33m‚ö†Ô∏è  Working directory has uncommitted changes[0m
 M release.log.txt
[0;36m‚ÑπÔ∏è  These changes will be committed as part of the release[0m
[0;32m‚úÖ Prerequisites check passed[0m
[0;34m[2025-07-13 00:03:18][0m Updating version to 1.5.2...
[0;34m[2025-07-13 00:03:18][0m Running: Update all version numbers to 1.5.2
Updating project to version: 1.5.2
Updating Cargo.toml files...
[0;32m‚úì[0m Updated Cargo.toml
[0;32m‚úì[0m Updated crates/c-api/Cargo.toml
[0;32m‚úì[0m Updated crates/cli/Cargo.toml
[0;32m‚úì[0m Updated crates/core/Cargo.toml
[0;32m‚úì[0m Updated crates/python/Cargo.toml
[0;32m‚úì[0m Updated crates/serde/Cargo.toml
[0;32m‚úì[0m Updated crates/test-utils/Cargo.toml
[0;32m‚úì[0m Updated crates/wasm/Cargo.toml
[0;32m‚úì[0m Updated bindings/python/Cargo.toml
Updating workspace dependencies...
[1;33m‚ö†[0m Pattern not found in Cargo.toml
[1;33m‚ö†[0m Pattern not found in Cargo.toml
Updating Python bindings...
[0;32m‚úì[0m Updated bindings/python/pyproject.toml
[1;33m‚ö†[0m Pattern not found in crates/python/src/lib.rs
Updating package.json files...
[0;32m‚úì[0m Updated docs/pkg/package.json
Updating Homebrew formula...

Version update complete: 1.5.2

Files with version 1.5.2:
Cargo.toml
crates/c-api/Cargo.toml
crates/cli/Cargo.toml
crates/core/Cargo.toml
crates/python/Cargo.toml
...
[0;32m‚úÖ Update all version numbers to 1.5.2 completed[0m
[0;32m‚úÖ Version updated to 1.5.2[0m
[0;34m[2025-07-13 00:03:18][0m Running comprehensive test suite...
[0;34m[2025-07-13 00:03:18][0m Running: Run all Rust tests

running 0 tests

test result: ok. 0 passed; 0 failed; 0 ignored; 0 measured; 0 filtered out; finished in 0.00s


running 26 tests
test advanced_comments::test_nested_multiline_comments ... ok
test advanced_comments::test_comment_preservation_boundaries ... ok
test advanced_comments::test_comments_with_special_characters ... ok
test advanced_comments::test_comment_line_endings ... ok
test complex_structures::test_deeply_nested_objects ... ok
test complex_structures::test_asymmetric_nesting ... ok
test complex_structures::test_mixed_structure_complexity ... ok
test configuration_edge_cases::test_zero_max_depth ... ok
test formatting_tolerance::test_minimal_formatting ... ok
test configuration_edge_cases::test_minimal_max_depth ... ok
test configuration_edge_cases::test_all_features_disabled ... ok
test formatting_tolerance::test_extreme_formatting ... ok
test formatting_tolerance::test_unicode_whitespace ... ok
test formatting_tolerance::test_mixed_line_endings ... ok
test stress_tests::test_alternating_nested_structures ... ok
test stress_tests::test_deeply_nested_arrays ... ok
test stress_tests::test_wide_arrays ... ok
test unicode_tests::test_unicode_escape_sequences ... ok
test unicode_tests::test_unicode_keys ... ok
test unicode_tests::test_unicode_normalization ... ok
test stress_tests::test_wide_objects ... ok
test unicode_tests::test_unicode_strings ... ok
test value_edge_cases::test_boundary_numbers ... ok
test value_edge_cases::test_identifier_edge_cases ... ok
test value_edge_cases::test_special_float_values ... ok
test value_edge_cases::test_string_edge_cases ... ok

test result: ok. 26 passed; 0 failed; 0 ignored; 0 measured; 0 filtered out; finished in 0.00s


running 7 tests
test test_parse_bool ... ok
test test_parse_null ... ok
test test_parse_array ... ok
test test_parse_number ... ok
test test_parse_nested ... ok
test test_parse_object ... ok
test test_parse_string ... ok

test result: ok. 7 passed; 0 failed; 0 ignored; 0 measured; 0 filtered out; finished in 0.00s


running 9 tests
test test_object_comma_variations ... ok
test test_complex_nested_structures ... ok
test test_newline_as_comma_separator ... ok
test test_multiple_consecutive_commas ... ok
test test_basic_comma_usage ... ok
test test_special_cases ... ok
test test_implicit_top_level_structures ... ok
test test_implicit_structures_with_newlines ... ok
test test_trailing_commas ... ok

test result: ok. 9 passed; 0 failed; 0 ignored; 0 measured; 0 filtered out; finished in 0.00s


running 8 tests
test test_comments_in_arrays ... ok
test test_comments_in_strings ... ok
test test_comment_at_eof ... ok
test test_block_comments ... ok
test test_double_slash_comments ... ok
test test_empty_comment ... ok
test test_unterminated_comment ... ok
test test_hash_character ... ok

test result: ok. 8 passed; 0 failed; 0 ignored; 0 measured; 0 filtered out; finished in 0.00s


running 17 tests
test test_comment_options ... ok
test test_single_char ... ok
test test_implicit_array ... ok
test test_implicit_top_level_options ... ok
test test_implicit_object ... ok
test test_multi_line_comments ... ok
test test_happy_path ... ok
test test_single_quotes_options ... ok
test test_implicit_comma ... ok
test test_single_quotes ... ok
test test_numbers ... ok
test test_single_line_comments ... ok
test test_unquoted_keys_options ... ok
test test_trailing_comma_options ... ok
test test_unquoted_strings ... ok
test test_trailing_comma ... ok
test test_value_standard ... ok

test result: ok. 17 passed; 0 failed; 0 ignored; 0 measured; 0 filtered out; finished in 0.00s


running 41 tests
test basic_parsing::test_empty_input_variations ... ok
test basic_parsing::test_implicit_arrays ... ok
test array_handling::test_nested_arrays ... ok
test array_handling::test_sparse_arrays ... ok
test array_handling::test_explicit_arrays ... ok
test basic_parsing::test_single_values ... ok
test array_handling::test_mixed_type_arrays ... ok
test basic_parsing::test_implicit_objects ... ok
test comment_handling::test_comment_edge_cases ... ok
test basic_parsing::test_unquoted_identifiers ... ok
test comment_handling::test_multi_line_comments ... ok
test comment_handling::test_nested_comments ... ok
test comment_handling::test_single_line_comment_variations ... ok
test error_handling::test_number_errors ... ok
test error_handling::test_unicode_errors ... ok
test error_handling::test_syntax_errors ... ok
test number_handling::test_float_variations ... ok
test number_handling::test_integer_variations ... ok
test number_handling::test_number_boundaries ... ok
test number_handling::test_scientific_notation ... ok
test number_handling::test_special_number_formats ... ok
test object_handling::test_explicit_objects ... ok
test object_handling::test_mixed_key_styles ... ok
test object_handling::test_nested_objects ... ok
test object_handling::test_numeric_keys ... ok
test object_handling::test_special_key_characters ... ok
test parser_options::test_max_depth_limits ... ok
test parser_options::test_selective_options ... ok
test parser_options::test_strict_mode ... ok
test string_handling::test_empty_strings ... ok
test string_handling::test_escape_sequences ... ok
test string_handling::test_quote_variations ... ok
test string_handling::test_special_characters_in_strings ... ok
test string_handling::test_unicode_sequences ... ok
test trailing_commas::test_array_trailing_commas ... ok
test trailing_commas::test_nested_trailing_commas ... ok
test trailing_commas::test_object_trailing_commas ... ok
test whitespace_handling::test_excessive_whitespace ... ok
test whitespace_handling::test_minimal_whitespace ... ok
test whitespace_handling::test_mixed_whitespace ... ok
test whitespace_handling::test_newlines_as_separators ... ok

test result: ok. 41 passed; 0 failed; 0 ignored; 0 measured; 0 filtered out; finished in 0.01s


running 15 tests
test test_empty_input_edge_cases ... ok
test test_comment_error_cases ... ok
test test_ascii_escape_errors ... ok
test test_implicit_array_with_object ... ok
test test_invalid_colon_usage ... ok
test test_invalid_comma_usage ... ok
test test_nested_structure_errors ... ok
test test_number_format_errors ... ok
test test_parser_options_error_behavior ... ok
test test_unexpected_closing_tokens ... ok
test test_unicode_escape_errors ... ok
test test_unexpected_tokens_in_context ... ok
test test_unprintable_characters ... ok
test test_unterminated_strings ... ok
test test_valid_edge_cases ... ok

test result: ok. 15 passed; 0 failed; 0 ignored; 0 measured; 0 filtered out; finished in 0.00s


running 12 tests
test test_error_recovery ... ok
test test_edge_cases ... ok
test test_comment_features ... ok
test test_comprehensive_diagnostic ... ok
test test_basic_json_compliance ... ok
test test_newline_separators ... ok
test test_implicit_structures ... ok
test test_number_features ... ok
test test_string_variations ... ok
test test_trailing_commas ... ok
test test_unquoted_keys ... ok
test test_whitespace_handling ... ok

test result: ok. 12 passed; 0 failed; 0 ignored; 0 measured; 0 filtered out; finished in 0.00s


running 10 tests
test test_empty_input ... ok
test test_options_disabled ... ok
test test_multi_line_comments ... ok
test test_single_line_comments ... ok
test test_implicit_array ... ok
test test_mixed_features ... ok
test test_implicit_object ... ok
test test_single_quoted_strings ... ok
test test_trailing_commas ... ok
test test_unquoted_keys ... ok

test result: ok. 10 passed; 0 failed; 0 ignored; 0 measured; 0 filtered out; finished in 0.00s


running 13 tests
test test_brace_handling ... ok
test test_comment_lexer_behavior ... ok
test test_complex_lexer_scenarios ... ok
test test_boolean_null_lexing ... ok
test test_basic_specials ... ok
test test_colon_comma_handling ... ok
test test_space_handling ... ok
test test_line_handling ... ok
test test_lexer_comprehensive_diagnostic ... ok
test test_square_bracket_handling ... ok
test test_number_lexing ... ok
test test_text_lexing ... ok
test test_string_lexing ... ok

test result: ok. 13 passed; 0 failed; 0 ignored; 0 measured; 0 filtered out; finished in 0.00s


running 2 tests
test basic_parsing ... ok
test test_forgiving_features ... ok

test result: ok. 2 passed; 0 failed; 0 ignored; 0 measured; 0 filtered out; finished in 0.00s


running 8 tests
test test_newline_as_comma_with_comments ... ok
test test_newline_as_comma_mixed_with_commas ... ok
test test_newline_as_comma_objects ... ok
test test_newline_as_comma_implicit_object ... ok
test test_newline_as_comma_nested ... ok
test test_newline_as_comma_disabled ... ok
test test_newline_as_comma_implicit_array ... ok
test test_newline_as_comma_arrays ... ok

test result: ok. 8 passed; 0 failed; 0 ignored; 0 measured; 0 filtered out; finished in 0.00s


running 8 tests
test test_underscore_separators ... ok
test test_number_formats_in_arrays ... ok
test test_edge_cases ... ok
test test_octal_numbers ... ok
test test_mixed_case_prefixes ... ok
test test_binary_numbers ... ok
test test_hexadecimal_numbers ... ok
test test_number_formats_in_objects ... ok

test result: ok. 8 passed; 0 failed; 0 ignored; 0 measured; 0 filtered out; finished in 0.00s


running 10 tests
test prop_parser_options_combinations ... ok
test test_quickcheck_json_generation ... ok
test prop_parse_serialize_roundtrip ... ok
test prop_forgiving_features_preserve_meaning ... ok
test prop_error_recovery_doesnt_crash ... ok
test test_basic_values ... ok
test test_empty_and_whitespace_inputs ... ok
test test_parser_handles_arbitrary_input ... ok
test test_parser_deterministic ... ok
test test_simple_structures ... ok

test result: ok. 10 passed; 0 failed; 0 ignored; 0 measured; 0 filtered out; finished in 0.08s


running 13 tests
test error_recovery::test_partial_parsing_resilience ... ok
test migration_scenarios::test_yaml_like_syntax ... ok
test configuration_files::test_build_configuration ... ok
test migration_scenarios::test_json_to_vexy_json_migration ... ok
test configuration_files::test_web_server_config ... ok
test configuration_files::test_docker_compose_style ... ok
test data_interchange::test_geojson_style ... ok
test data_interchange::test_log_entry_format ... ok
test data_interchange::test_api_response_style ... ok
test performance_scenarios::test_varied_data_types ... ok
test error_recovery::test_deeply_nested_input ... ok
test performance_scenarios::test_repeated_structures ... ok
test error_recovery::test_large_input_handling ... ok

test result: ok. 13 passed; 0 failed; 0 ignored; 0 measured; 0 filtered out; finished in 0.01s


running 12 tests
test test_basic_string_types ... ok
test test_newline_handling ... ok
test test_mixed_quotes_in_structures ... ok
test test_backslash_behavior ... ok
test test_escape_edge_cases ... ok
test test_quote_escaping ... ok
test test_string_edge_cases ... ok
test test_string_error_cases ... ok
test test_string_escape_sequences ... ok
test test_string_in_arrays ... ok
test test_string_in_objects ... ok
test test_unicode_escapes ... ok

test result: ok. 12 passed; 0 failed; 0 ignored; 0 measured; 0 filtered out; finished in 0.00s


running 17 tests
test test_comment_options ... ok
test test_implicit_array ... ok
test test_implicit_object ... ok
test test_explicit_comma ... ok
test test_happy_path ... ok
test test_implicit_top_level_options ... ok
test test_single_char ... ok
test test_single_quotes_options ... ok
test test_multi_line_comments ... ok
test test_single_line_comments ... ok
test test_numbers ... ok
test test_single_quotes ... ok
test test_trailing_comma ... ok
test test_trailing_comma_options ... ok
test test_unquoted_keys_options ... ok
test test_unquoted_keys ... ok
test test_value_standard ... ok

test result: ok. 17 passed; 0 failed; 0 ignored; 0 measured; 0 filtered out; finished in 0.00s


running 0 tests

test result: ok. 0 passed; 0 failed; 0 ignored; 0 measured; 0 filtered out; finished in 0.00s


running 0 tests

test result: ok. 0 passed; 0 failed; 0 ignored; 0 measured; 0 filtered out; finished in 0.00s


running 0 tests

test result: ok. 0 passed; 0 failed; 0 ignored; 0 measured; 0 filtered out; finished in 0.00s


running 0 tests

test result: ok. 0 passed; 0 failed; 0 ignored; 0 measured; 0 filtered out; finished in 0.00s


running 0 tests

test result: ok. 0 passed; 0 failed; 0 ignored; 0 measured; 0 filtered out; finished in 0.00s


running 0 tests

test result: ok. 0 passed; 0 failed; 0 ignored; 0 measured; 0 filtered out; finished in 0.00s


running 0 tests

test result: ok. 0 passed; 0 failed; 0 ignored; 0 measured; 0 filtered out; finished in 0.00s


running 0 tests

test result: ok. 0 passed; 0 failed; 0 ignored; 0 measured; 0 filtered out; finished in 0.00s


running 0 tests

test result: ok. 0 passed; 0 failed; 0 ignored; 0 measured; 0 filtered out; finished in 0.00s


running 0 tests

test result: ok. 0 passed; 0 failed; 0 ignored; 0 measured; 0 filtered out; finished in 0.00s


running 0 tests

test result: ok. 0 passed; 0 failed; 0 ignored; 0 measured; 0 filtered out; finished in 0.00s


running 200 tests
test ast::builder::tests::test_value_builder_array ... ok
test ast::builder::tests::test_value_builder_simple ... ok
test ast::builder::tests::test_array_builder ... ok
test ast::builder::tests::test_build_helpers ... ok
test ast::builder::tests::test_object_builder ... ok
test ast::builder::tests::test_value_builder_nested ... ok
test ast::builder::tests::test_value_builder_object ... ok
test ast::visitor::tests::test_mut_visitor ... ok
test ast::visitor::tests::test_counting_visitor ... ok
test ast::visitor::tests::test_path_visitor ... ok
test ast::visitor::tests::test_string_collector ... ok
test error::recovery::tests::test_recovery_analyzer_creation ... ok
test error::recovery::tests::test_recovery_strategy_confidence ... ok
test error::recovery::tests::test_number_format_fix ... ok
test error::ml_patterns::tests::test_feature_extraction ... ok
test error::recovery::tests::test_recovery_strategy_description ... ok
test error::ml_patterns::tests::test_ml_pattern_recognition ... ok
test error::recovery::tests::test_trailing_comma_analysis ... ok
test error::recovery::tests::test_unexpected_eof_analysis ... ok
test error::recovery_v2::tests::test_quote_inference ... ok
test error::recovery_v2::tests::test_visual_error ... ok
test error::recovery_v2::tests::test_bracket_matching ... FAILED
test error::reporter::tests::test_error_reporter_creation ... ok
test error::reporter::tests::test_quick_error_report ... ok
test error::reporter::tests::test_comprehensive_report ... ok
test error::reporter::tests::test_report_config_creation ... ok
test error::span::tests::test_byte_to_line_col ... ok
test error::reporter::tests::test_text_wrapping ... ok
test error::span::tests::test_enhanced_span ... ok
test error::span::tests::test_span_contains ... ok
test error::span::tests::test_span_creation ... ok
test error::span::tests::test_span_extract ... ok
test error::span::tests::test_span_merge ... ok
test error::span::tests::test_span_single ... ok
test error::terminal::tests::test_bold_colorize ... ok
test error::terminal::tests::test_color_scheme_codes ... ok
test error::terminal::tests::test_format_error_code ... ok
test error::terminal::tests::test_format_line_number ... ok
test error::terminal::tests::test_format_suggestion ... ok
test error::terminal::tests::test_formatter_with_colors ... ok
test error::terminal::tests::test_formatter_without_colors ... ok
test error::utils::tests::test_bracket_counting ... ok
test error::utils::tests::test_bracket_mismatch_detection ... ok
test error::utils::tests::test_error_categorization ... ok
test error::utils::tests::test_position_extraction ... ok
test error::utils::tests::test_repair_detection ... ok
test lazy::tests::test_lazy_array ... FAILED
test lazy::tests::test_lazy_parser_small_object ... FAILED
test lazy::tests::test_lazy_value_resolved ... ok
test lazy::tests::test_lazy_parser_with_threshold ... FAILED
test lexer::debug_lexer::tests::test_debug_lexer_error_logging ... FAILED
test lexer::debug_lexer::tests::test_debug_lexer_logging ... ok
test lexer::debug_lexer::tests::test_debug_lexer_performance_stats ... ok
test lexer::fast_lexer::tests::test_fast_lexer_basic ... ok
test lexer::fast_lexer::tests::test_fast_lexer_comments ... ok
test lexer::fast_lexer::tests::test_fast_lexer_unquoted ... ok
test lexer::fast_lexer::tests::test_fast_lexer_stats ... FAILED
test lexer::logos_lexer::tests::test_line_col_tracking ... ok
test lexer::logos_lexer::tests::test_logos_lexer ... ok
test lexer::tests::test_lexer_creation ... ok
test optimization::benchmarks::tests::test_performance_monitor_creation ... ok
test optimization::benchmarks::tests::test_scalar_implementations ... ok
test optimization::memory_pool::tests::test_basic_allocation ... ok
test optimization::memory_pool::tests::test_large_allocation ... ok
test optimization::memory_pool::tests::test_scoped_pool ... ok
test optimization::memory_pool::tests::test_reset ... ok
test optimization::memory_pool::tests::test_string_allocation ... ok
test optimization::memory_pool_v2::tests::test_adaptive_pooling ... ok
test optimization::memory_pool_v2::tests::test_medium_allocation_pooled ... ok
test optimization::memory_pool_v2::tests::test_small_allocation_bypass ... ok
test optimization::memory_pool_v2::tests::test_scoped_pool ... FAILED
test optimization::memory_pool_v3::tests::test_compact_string ... ok
test optimization::memory_pool_v3::tests::test_memory_pool_v3 ... ok
test optimization::memory_pool_v3::tests::test_typed_arena ... ok
test optimization::simd::tests::test_has_backslash_simd ... ok
test optimization::simd::tests::test_parse_number_simd ... ok
test optimization::simd::tests::test_skip_whitespace_simd ... ok
test optimization::simd::tests::test_unescape_string_simd ... ok
test optimization::simd::tests::test_validate_json_string_simd ... ok
test optimization::string_parser::tests::test_extract_string_content ... ok
test optimization::string_parser::tests::test_parse_number_optimized ... ok
test optimization::string_parser::tests::test_unescape_no_escapes ... ok
test optimization::string_parser::tests::test_unescape_with_escapes ... ok
test optimization::value_builder::tests::test_build_array ... ok
test optimization::value_builder::tests::test_build_number ... ok
test optimization::value_builder::tests::test_build_object ... ok
test optimization::value_builder::tests::test_build_string ... ok
test optimization::zero_copy::tests::test_fast_number_float ... ok
test optimization::zero_copy::tests::test_fast_number_integer ... ok
test optimization::zero_copy::tests::test_zero_copy_no_escapes ... ok
test optimization::zero_copy::tests::test_zero_copy_with_escapes ... ok
test parallel::tests::test_array_chunking ... ok
test parallel::tests::test_element_splitting ... ok
test parallel::tests::test_input_type_detection ... ok
test parallel::tests::test_small_input_fallback ... ok
test parallel_chunked::tests::test_chunk_boundary_detection ... ok
test parallel_chunked::tests::test_chunked_small_input ... ok
test parser::iterative::tests::test_depth_limit ... ok
test parser::iterative::tests::test_empty_containers ... ok
test parser::iterative::tests::test_parse_boolean ... ok
test parser::iterative::tests::test_parse_array ... FAILED
test parser::iterative::tests::test_parse_deeply_nested ... FAILED
test parser::iterative::tests::test_parse_nested ... FAILED
test parser::iterative::tests::test_parse_null ... ok
test parser::iterative::tests::test_parse_number ... ok
test parallel::tests::test_ndjson_parsing ... ok
test parser::iterative::tests::test_parse_string ... ok
test parser::iterative::tests::test_parse_object ... FAILED
test parallel_chunked::tests::test_chunked_ndjson ... FAILED
test parser::iterative::tests::test_with_trailing_comma ... ok
test parser::iterative::tests::test_with_comments ... FAILED
test parser::optimized::tests::test_branch_prediction_stats ... ok
test parser::optimized::tests::test_optimized_parser_simple ... ok
test parser::optimized::tests::test_parser_with_stats ... ok
test parser::optimized_v2::tests::test_branch_prediction_stats ... ok
test parser::optimized_v2::tests::test_optimized_parser_v2_simple ... ok
test parser::optimized_v2::tests::test_parser_v2_with_stats ... FAILED
test parser::recursive::tests::test_depth_limit ... ok
test parser::recursive::tests::test_empty_containers ... ok
test parser::recursive::tests::test_escape_sequences ... ok
test parser::recursive::tests::test_parse_array ... ok
test parser::recursive::tests::test_parse_boolean ... ok
test parser::recursive::tests::test_parse_nested ... ok
test parser::recursive::tests::test_parse_null ... ok
test parser::recursive::tests::test_parse_number ... ok
test parser::recursive::tests::test_parse_object ... ok
test parser::optimized_v2::tests::test_adaptive_pooling ... ok
test parser::recursive::tests::test_parse_string ... ok
test parser::recursive::tests::test_parse_with_comments ... ok
test parser::recursive::tests::test_parse_with_trailing_comma ... ok
test parser::recursive::tests::test_parse_with_unquoted_keys ... ok
test parser::recursive::tests::test_unicode_escape ... ok
test plugin::plugins::comment_preservation::tests::test_comment_storage ... ok
test plugin::plugins::comment_preservation::tests::test_comments_to_value ... ok
test plugin::plugins::comment_preservation::tests::test_position_tracking ... ok
test plugin::plugins::custom_number::tests::test_binary_numbers ... ok
test plugin::plugins::custom_number::tests::test_hex_numbers ... ok
test plugin::plugins::custom_number::tests::test_octal_numbers ... ok
test plugin::plugins::custom_number::tests::test_special_floats ... ok
test plugin::plugins::custom_number::tests::test_underscores ... ok
test plugin::plugins::datetime::tests::test_non_date_string ... ok
test plugin::plugins::datetime::tests::test_datetime_parsing ... ok
test plugin::plugins::datetime::tests::test_custom_format ... FAILED
test plugin::tests::test_duplicate_plugin ... ok
test plugin::plugins::schema_validation::tests::test_schema_validation ... ok
test plugin::tests::test_plugin_hooks ... ok
test plugin::tests::test_plugin_registry ... ok
test repair::advanced::tests::test_repair_confidence ... ok
test repair::tests::test_balanced_json ... ok
test repair::tests::test_debug_bracket_balance ... ok
test repair::tests::test_detailed_repair_tracking ... ok
test repair::tests::test_missing_closing_brace ... ok
test repair::tests::test_missing_closing_bracket ... ok
test repair::tests::test_nested_structures ... ok
test repair::tests::test_repair_caching ... ok
test repair::tests::test_string_with_brackets ... ok
test streaming::buffered::tests::test_buffered_streaming_array ... ok
test streaming::buffered::tests::test_buffered_streaming_simple_object ... ok
test streaming::buffered::tests::test_custom_buffer_config ... ok
test streaming::buffered::tests::test_buffered_streaming_to_value ... ok
test optimization::benchmarks::tests::test_benchmark_whitespace_skipping ... ok
test streaming::event_parser::tests::test_event_driven_parser ... FAILED
test streaming::event_parser::tests::test_resumable_parsing ... FAILED
test streaming::ndjson::tests::test_empty_lines ... FAILED
test streaming::ndjson::tests::test_ndjson_parser ... FAILED
test streaming::simple_lexer::tests::test_incremental_string ... ok
test streaming::ndjson::tests::test_streaming_ndjson ... FAILED
test streaming::simple_lexer::tests::test_keywords ... ok
test streaming::simple_lexer::tests::test_numbers ... ok
test streaming::simple_lexer::tests::test_simple_tokens ... ok
test streaming::tests::test_streaming_parser_creation ... ok
test streaming::tests::test_value_builder ... ok
test transform::normalizer::tests::test_canonical_normalizer ... ok
test transform::normalizer::tests::test_cleanup_normalizer ... ok
test transform::normalizer::tests::test_deduplicate_arrays ... ok
test transform::normalizer::tests::test_deep_nested_normalization ... ok
test transform::normalizer::tests::test_max_depth_limit ... ok
test transform::normalizer::tests::test_normalize_numbers ... ok
test transform::normalizer::tests::test_normalize_object_with_sorted_keys ... ok
test transform::normalizer::tests::test_normalize_remove_empty_containers ... ok
test transform::normalizer::tests::test_normalize_remove_null_values ... ok
test transform::normalizer::tests::test_normalize_strings ... ok
test transform::optimizer::tests::test_collapse_single_arrays ... ok
test transform::optimizer::tests::test_max_depth_limit ... ok
test transform::optimizer::tests::test_memory_optimizer ... ok
test transform::optimizer::tests::test_nested_optimization ... ok
test transform::optimizer::tests::test_optimize_numbers ... ok
test transform::optimizer::tests::test_object_to_array_conversion ... ok
test transform::optimizer::tests::test_optimizer_stats ... ok
test transform::optimizer::tests::test_performance_optimizer ... ok
test transform::optimizer::tests::test_remove_empty_containers ... ok
test transform::optimizer::tests::test_string_interning ... ok
test optimization::benchmarks::tests::test_benchmark_backslash_detection ... ok
test repair::advanced::tests::test_preview_mode ... ok
test repair::advanced::tests::test_quote_repair ... ok
test repair::advanced::tests::test_repair_history ... ok
test repair::advanced::tests::test_type_coercion ... ok
test optimization::benchmarks::tests::test_benchmark_string_unescaping ... ok
test optimization::benchmarks::tests::test_benchmark_string_validation ... ok
test optimization::benchmarks::tests::test_run_all_benchmarks ... ok

failures:

---- error::recovery_v2::tests::test_bracket_matching stdout ----

thread 'error::recovery_v2::tests::test_bracket_matching' panicked at crates/core/src/error/recovery_v2.rs:569:9:
assertion `left == right` failed
  left: UnmatchedQuote
 right: MissingBracket
note: run with `RUST_BACKTRACE=1` environment variable to display a backtrace

---- lazy::tests::test_lazy_array stdout ----

thread 'lazy::tests::test_lazy_array' panicked at crates/core/src/lazy/mod.rs:261:40:
called `Result::unwrap()` on an `Err` value: UnexpectedChar('\0', 9)

---- lazy::tests::test_lazy_parser_small_object stdout ----

thread 'lazy::tests::test_lazy_parser_small_object' panicked at crates/core/src/lazy/mod.rs:229:40:
called `Result::unwrap()` on an `Err` value: Expected { expected: "string key", found: "Eof", position: 29 }

---- lazy::tests::test_lazy_parser_with_threshold stdout ----

thread 'lazy::tests::test_lazy_parser_with_threshold' panicked at crates/core/src/lazy/mod.rs:252:17:
assertion `left == right` failed
  left: None
 right: Some(String("value"))

---- lexer::debug_lexer::tests::test_debug_lexer_error_logging stdout ----

thread 'lexer::debug_lexer::tests::test_debug_lexer_error_logging' panicked at crates/core/src/lexer/debug_lexer.rs:285:9:
assertion failed: result.is_err()

=== DebugLexer Final Report ===
Processed 2 tokens in 102¬µs

---- lexer::fast_lexer::tests::test_fast_lexer_stats stdout ----

thread 'lexer::fast_lexer::tests::test_fast_lexer_stats' panicked at crates/core/src/lexer/fast_lexer.rs:517:9:
assertion `left == right` failed
  left: 8
 right: 7

---- optimization::memory_pool_v2::tests::test_scoped_pool stdout ----

thread 'optimization::memory_pool_v2::tests::test_scoped_pool' panicked at crates/core/src/optimization/memory_pool_v2.rs:369:9:
assertion failed: stats.total_allocations > 0

---- parser::iterative::tests::test_parse_array stdout ----

thread 'parser::iterative::tests::test_parse_array' panicked at crates/core/src/parser/iterative.rs:646:77:
called `Result::unwrap()` on an `Err` value: Expected { expected: "comma or closing bracket", found: "Number", position: 1 }

---- parser::iterative::tests::test_parse_deeply_nested stdout ----

thread 'parser::iterative::tests::test_parse_deeply_nested' panicked at crates/core/src/parser/iterative.rs:701:9:
assertion failed: result.is_ok()

---- parser::iterative::tests::test_parse_nested stdout ----

thread 'parser::iterative::tests::test_parse_nested' panicked at crates/core/src/parser/iterative.rs:668:70:
called `Result::unwrap()` on an `Err` value: Expected { expected: "comma or closing bracket", found: "Number", position: 11 }

---- parser::iterative::tests::test_parse_object stdout ----

thread 'parser::iterative::tests::test_parse_object' panicked at crates/core/src/parser/iterative.rs:662:9:
assertion `left == right` failed
  left: Object({})
 right: Object({"key": String("value")})

---- parallel_chunked::tests::test_chunked_ndjson stdout ----

thread 'parallel_chunked::tests::test_chunked_ndjson' panicked at crates/core/src/parallel_chunked.rs:363:9:
assertion failed: !result.values.is_empty()

---- parser::iterative::tests::test_with_comments stdout ----

thread 'parser::iterative::tests::test_with_comments' panicked at crates/core/src/parser/iterative.rs:734:9:
assertion `left == right` failed
  left: Object({"key": String("value")})
 right: Object({"key": String("value"), "number": Number(Integer(42))})

---- parser::optimized_v2::tests::test_parser_v2_with_stats stdout ----

thread 'parser::optimized_v2::tests::test_parser_v2_with_stats' panicked at crates/core/src/parser/optimized_v2.rs:480:9:
assertion failed: memory_stats.total_bytes > 0

---- plugin::plugins::datetime::tests::test_custom_format stdout ----

thread 'plugin::plugins::datetime::tests::test_custom_format' panicked at crates/core/src/plugin/plugins/datetime.rs:191:13:
Expected object

---- streaming::event_parser::tests::test_event_driven_parser stdout ----

thread 'streaming::event_parser::tests::test_event_driven_parser' panicked at crates/core/src/streaming/event_parser.rs:511:35:
called `Result::unwrap()` on an `Err` value: Custom("Incomplete JSON at end of input")

---- streaming::event_parser::tests::test_resumable_parsing stdout ----

thread 'streaming::event_parser::tests::test_resumable_parsing' panicked at crates/core/src/streaming/event_parser.rs:534:33:
called `Result::unwrap()` on an `Err` value: Custom("Incomplete JSON at end of input")

---- streaming::ndjson::tests::test_empty_lines stdout ----

thread 'streaming::ndjson::tests::test_empty_lines' panicked at crates/core/src/streaming/ndjson.rs:359:9:
assertion `left == right` failed
  left: 1
 right: 2

---- streaming::ndjson::tests::test_ndjson_parser stdout ----

thread 'streaming::ndjson::tests::test_ndjson_parser' panicked at crates/core/src/streaming/ndjson.rs:316:9:
assertion `left == right` failed
  left: 2
 right: 3

---- streaming::ndjson::tests::test_streaming_ndjson stdout ----

thread 'streaming::ndjson::tests::test_streaming_ndjson' panicked at crates/core/src/streaming/ndjson.rs:338:14:
called `Result::unwrap()` on an `Err` value: Custom("Unexpected end of input")


failures:
    error::recovery_v2::tests::test_bracket_matching
    lazy::tests::test_lazy_array
    lazy::tests::test_lazy_parser_small_object
    lazy::tests::test_lazy_parser_with_threshold
    lexer::debug_lexer::tests::test_debug_lexer_error_logging
    lexer::fast_lexer::tests::test_fast_lexer_stats
    optimization::memory_pool_v2::tests::test_scoped_pool
    parallel_chunked::tests::test_chunked_ndjson
    parser::iterative::tests::test_parse_array
    parser::iterative::tests::test_parse_deeply_nested
    parser::iterative::tests::test_parse_nested
    parser::iterative::tests::test_parse_object
    parser::iterative::tests::test_with_comments
    parser::optimized_v2::tests::test_parser_v2_with_stats
    plugin::plugins::datetime::tests::test_custom_format
    streaming::event_parser::tests::test_event_driven_parser
    streaming::event_parser::tests::test_resumable_parsing
    streaming::ndjson::tests::test_empty_lines
    streaming::ndjson::tests::test_ndjson_parser
    streaming::ndjson::tests::test_streaming_ndjson

test result: FAILED. 180 passed; 20 failed; 0 ignored; 0 measured; 0 filtered out; finished in 0.23s

[0;34m[2025-07-13 00:05:07][0m Running: Run clippy linter
[0;34m[2025-07-13 00:05:24][0m Running: Check code formatting
[0;34m[2025-07-13 00:05:25][0m Running fuzz tests (quick run)...
[0;34m[2025-07-13 00:05:25][0m Running: Quick fuzz testing
[0;32m‚úÖ Quick fuzz testing completed[0m
[0;34m[2025-07-13 00:05:28][0m Running: Build all examples
[0;32m‚úÖ Build all examples completed[0m
[0;32m‚úÖ All tests passed[0m
[0;34m[2025-07-13 00:06:47][0m Building Rust artifacts...
[0;34m[2025-07-13 00:06:47][0m Running: Create build directory
[0;32m‚úÖ Create build directory completed[0m
[0;34m[2025-07-13 00:06:47][0m Running: Build release CLI binary
[0;32m‚úÖ Build release CLI binary completed[0m
[0;34m[2025-07-13 00:07:51][0m Running: Build release library
[0;32m‚úÖ Build release library completed[0m
[0;34m[2025-07-13 00:08:11][0m Running: Generate documentation
[0;32m‚úÖ Generate documentation completed[0m
[0;32m‚úÖ Rust artifacts built[0m
[0;34m[2025-07-13 00:08:18][0m Building WebAssembly module...
[0;34m[2025-07-13 00:08:18][0m Running: Build WASM for web
[0;32m‚úÖ Build WASM for web completed[0m
[0;34m[2025-07-13 00:08:44][0m Running: Build WASM for Node.js
[0;32m‚úÖ Build WASM for Node.js completed[0m
[0;32m‚úÖ WebAssembly module built[0m
[0;34m[2025-07-13 00:08:47][0m Building macOS installer...
[0;34m[2025-07-13 00:08:47][0m Running: Create installer structure
[0;32m‚úÖ Create installer structure completed[0m
[0;34m[2025-07-13 00:08:47][0m Running: Create pkg installer
pkgbuild: Inferring bundle components from contents of /Users/adam/Developer/vcs/github.vexyart/vexy-json/dist/macos-installer/pkg-root
pkgbuild: Wrote package to /Users/adam/Developer/vcs/github.vexyart/vexy-json/dist/macos-installer/vexy-json.pkg
[0;32m‚úÖ Create pkg installer completed[0m
[0;34m[2025-07-13 00:08:48][0m Running: Create DMG temp directory
[0;32m‚úÖ Create DMG temp directory completed[0m
[0;34m[2025-07-13 00:08:48][0m Running: Create DMG installer
Creating disk image...
created: /Users/adam/Developer/vcs/github.vexyart/vexy-json/dist/rw.42220.vexy-json-1.5.2-macos.dmg
Mounting disk image...
Device name:     /dev/disk5
Mount dir:       /Volumes/dmg.teQNNF
Making link to Applications dir...
/Volumes/dmg.teQNNF
Running AppleScript to make Finder stuff pretty: /usr/bin/osascript "/var/folders/05/clcynl0509ldxltl599hhhx40000gn/T/createdmg.tmp.XXXXXXXXXX.gOcqi5peSz" "dmg.teQNNF"
Done running the AppleScript...
Fixing permissions...
Done fixing permissions
Skipping blessing on sandbox
Deleting .fseventsd
Unmounting disk image...
"disk5" ejected.
Compressing disk image...
Preparing imaging engine‚Ä¶
Reading Protective Master Boot Record (MBR : 0)‚Ä¶
   (CRC32 $2B0D05B4: Protective Master Boot Record (MBR : 0))
Reading GPT Header (Primary GPT Header : 1)‚Ä¶
   (CRC32 $6C8BCF69: GPT Header (Primary GPT Header : 1))
Reading GPT Partition Data (Primary GPT Table : 2)‚Ä¶
   (CRC32 $A7204195: GPT Partition Data (Primary GPT Table : 2))
Reading  (Apple_Free : 3)‚Ä¶
   (CRC32 $00000000:  (Apple_Free : 3))
Reading disk image (Apple_HFS : 4)‚Ä¶
   (CRC32 $FE56D40F: disk image (Apple_HFS : 4))
Reading  (Apple_Free : 5)‚Ä¶
   (CRC32 $00000000:  (Apple_Free : 5))
Reading GPT Partition Data (Backup GPT Table : 6)‚Ä¶
   (CRC32 $A7204195: GPT Partition Data (Backup GPT Table : 6))
Reading GPT Header (Backup GPT Header : 7)‚Ä¶
   (CRC32 $2BBAA29A: GPT Header (Backup GPT Header : 7))
Adding resources‚Ä¶
Elapsed Time:  4.443s
File size: 625630 bytes, Checksum: CRC32 $F745ECC1
Sectors processed: 51280, 3332 compressed
Speed: 374.9KB/s
Savings: 97.6%
created: /Users/adam/Developer/vcs/github.vexyart/vexy-json/dist/vexy-json-1.5.2-macos.dmg
hdiutil does not support internet-enable. Note it was removed in macOS 10.15.
Disk image done
[0;32m‚úÖ Create DMG installer completed[0m
[0;32m‚úÖ macOS installer created: vexy-json-1.5.2-macos.dmg[0m
[0;34m[2025-07-13 00:09:13][0m Building Linux packages...
[1;33m‚ö†Ô∏è  Skipping Linux builds (not on Linux)[0m
[0;32m‚úÖ Linux packages prepared[0m
[0;34m[2025-07-13 00:09:13][0m Creating release archives...
[0;34m[2025-07-13 00:09:13][0m Running: Create archive directory
[0;32m‚úÖ Create archive directory completed[0m
[0;32m‚úÖ Release archives created[0m
[0;34m[2025-07-13 00:09:19][0m Committing changes and creating git tag...
[0;34m[2025-07-13 00:09:19][0m Running: Stage all changes for release
